/home/wwdelvalle/.local/lib/python3.9/site-packages/google/oauth2/__init__.py:40: FutureWarning: You are using a Python version 3.9 past its end of life. Google will update google-auth with critical bug fixes on a best-effort basis, but not with any other fixes or features. Please upgrade your Python version, and then update google-auth.
  warnings.warn(eol_message.format("3.9"), FutureWarning)
/home/wwdelvalle/.local/lib/python3.9/site-packages/google/auth/__init__.py:54: FutureWarning: You are using a Python version 3.9 past its end of life. Google will update google-auth with critical bug fixes on a best-effort basis, but not with any other fixes or features. Please upgrade your Python version, and then update google-auth.
  warnings.warn(eol_message.format("3.9"), FutureWarning)
/home/wwdelvalle/.local/lib/python3.9/site-packages/google/api_core/_python_version_support.py:246: FutureWarning: You are using a non-supported Python version (3.9.25). Google will not post any further updates to google.api_core supporting this Python version. Please upgrade to the latest Python version, or at least Python 3.10, and then update google.api_core.
  warnings.warn(message, FutureWarning)
✓ Loaded 20 cities
✓ Defined 20 cities
✓ Sampling grid will be built per city on demand
✓ Defined NDVI/LST processing functions
✓ Defined sampling function
✓ Defined city-year processing function

==================================================
Processing Houston (41 years)...
  Skipping — already complete.

==================================================
Processing San Antonio (41 years)...
  Skipping — already complete.

==================================================
Processing Dallas (41 years)...
  Skipping — already complete.

==================================================
Processing Austin (41 years)...
  Skipping — already complete.

==================================================
Processing Jacksonville (41 years)...
  Skipping — already complete.

==================================================
Processing Fort Worth (41 years)...
  Skipping — already complete.

==================================================
Processing Charlotte (41 years)...
  Skipping — already complete.

==================================================
Processing El Paso (41 years)...
  Skipping — already complete.

==================================================
Processing Washington (41 years)...
  Skipping — already complete.

==================================================
Processing Nashville (41 years)...
  Skipping — already complete.

==================================================
Processing Oklahoma City (41 years)...
  Skipping — already complete.

==================================================
Processing Atlanta (41 years)...
  Skipping — already complete.

==================================================
Processing Virginia Beach (41 years)...
  Skipping — already complete.

==================================================
Processing Raleigh (41 years)...
  Skipping — already complete.

==================================================
Processing Miami (41 years)...
  Skipping — already complete.

==================================================
Processing Tampa (41 years)...
  Skipping — already complete.

==================================================
Processing Tulsa (41 years)...
  Skipping — already complete.

==================================================
Processing Arlington (41 years)...
  [Arlington] 2004 — submitting...
  [Arlington] 2005 — submitting...
  [Arlington] 2006 — submitting...
  [Arlington] 2007 — submitting...
  [Arlington] 2008 — submitting...
  [Arlington] 2009 — submitting...
  [Arlington] 2010 — submitting...
  [Arlington] 2011 — submitting...
  [Arlington] 2012 — submitting...
  [Arlington] 2013 — submitting...
  [Arlington] 2014 — submitting...
  [Arlington] 2015 — submitting...
  [Arlington] 2016 — submitting...
  [Arlington] 2017 — submitting...
  [Arlington] 2018 — submitting...
  [Arlington] 2004 — waiting... ✓ 32,224 rows → Dropbox
  [Arlington] 2005 — waiting... ✓ 32,227 rows → Dropbox
  [Arlington] 2006 — waiting... ✓ 32,227 rows → Dropbox
  [Arlington] 2007 — waiting... ✓ 32,037 rows → Dropbox
  [Arlington] 2008 — waiting... ✓ 31,256 rows → Dropbox
  [Arlington] 2009 — waiting... ✓ 32,227 rows → Dropbox
  [Arlington] 2010 — waiting... ✓ 32,227 rows → Dropbox
  [Arlington] 2011 — waiting... ✓ 32,227 rows → Dropbox
  [Arlington] 2012 — waiting... ✓ 32,227 rows → Dropbox
  [Arlington] 2013 — waiting... ✓ 32,227 rows → Dropbox
  [Arlington] 2014 — waiting... ✓ 32,220 rows → Dropbox
  [Arlington] 2015 — waiting... ✓ 32,227 rows → Dropbox
  [Arlington] 2016 — waiting... ✓ 32,227 rows → Dropbox
  [Arlington] 2017 — waiting... ✓ 32,227 rows → Dropbox
  [Arlington] 2018 — waiting... ✓ 32,227 rows → Dropbox
  [Arlington] 2019 — submitting...
  [Arlington] 2020 — submitting...
  [Arlington] 2021 — submitting...
  [Arlington] 2022 — submitting...
  [Arlington] 2023 — submitting...
  [Arlington] 2024 — submitting...
  [Arlington] 2019 — waiting... ✓ 32,227 rows → Dropbox
  [Arlington] 2020 — waiting... ✓ 32,227 rows → Dropbox
  [Arlington] 2021 — waiting... ✓ 32,227 rows → Dropbox
  [Arlington] 2022 — waiting... ✓ 32,227 rows → Dropbox
  [Arlington] 2023 — waiting... ✓ 32,227 rows → Dropbox
  [Arlington] 2024 — waiting... ✓ 32,227 rows → Dropbox

==================================================
Processing New Orleans (41 years)...
  [New Orleans] 1984 — submitting...
  [New Orleans] 1985 — submitting...
  [New Orleans] 1986 — submitting...
  [New Orleans] 1987 — submitting...
  [New Orleans] 1988 — submitting...
  [New Orleans] 1989 — submitting...
  [New Orleans] 1990 — submitting...
  [New Orleans] 1991 — submitting...
  [New Orleans] 1992 — submitting...
  [New Orleans] 1993 — submitting...
  [New Orleans] 1994 — submitting...
  [New Orleans] 1995 — submitting...
  [New Orleans] 1996 — submitting...
  [New Orleans] 1997 — submitting...
  [New Orleans] 1998 — submitting...
  [New Orleans] 1984 — waiting... ✓ 51,694 rows → Dropbox
  [New Orleans] 1985 — waiting... ✓ 51,631 rows → Dropbox
  [New Orleans] 1986 — waiting... ✓ 49,874 rows → Dropbox
  [New Orleans] 1987 — waiting... ✓ 51,697 rows → Dropbox
  [New Orleans] 1988 — waiting... ✓ 51,627 rows → Dropbox
  [New Orleans] 1989 — waiting... ✓ 48,467 rows → Dropbox
  [New Orleans] 1990 — waiting... ✓ 51,625 rows → Dropbox
  [New Orleans] 1991 — waiting... ✓ 51,226 rows → Dropbox
  [New Orleans] 1992 — waiting... ✓ 51,697 rows → Dropbox
  [New Orleans] 1993 — waiting... ✓ 51,680 rows → Dropbox
  [New Orleans] 1994 — waiting... ✓ 51,694 rows → Dropbox
  [New Orleans] 1995 — waiting... ✓ 51,696 rows → Dropbox
  [New Orleans] 1996 — waiting... ✓ 51,697 rows → Dropbox
  [New Orleans] 1997 — waiting... ✓ 51,695 rows → Dropbox
  [New Orleans] 1998 — waiting... ✓ 51,693 rows → Dropbox
  [New Orleans] 1999 — submitting...
  [New Orleans] 2000 — submitting...
  [New Orleans] 2001 — submitting...
  [New Orleans] 2002 — submitting...
  [New Orleans] 2003 — submitting...
  [New Orleans] 2004 — submitting...
  [New Orleans] 2005 — submitting...
  [New Orleans] 2006 — submitting...
  [New Orleans] 2007 — submitting...
  [New Orleans] 2008 — submitting...
  [New Orleans] 2009 — submitting...
  [New Orleans] 2010 — submitting...
  [New Orleans] 2011 — submitting...
  [New Orleans] 2012 — submitting...
  [New Orleans] 2013 — submitting...
  [New Orleans] 1999 — waiting... ✓ 51,697 rows → Dropbox
  [New Orleans] 2000 — waiting... ✓ 51,692 rows → Dropbox
  [New Orleans] 2001 — waiting... ✓ 51,644 rows → Dropbox
  [New Orleans] 2002 — waiting... ✓ 51,696 rows → Dropbox
  [New Orleans] 2003 — waiting... ✓ 50,014 rows → Dropbox
  [New Orleans] 2004 — waiting... ✓ 51,202 rows → Dropbox
  [New Orleans] 2005 — waiting... ✓ 51,697 rows → Dropbox
  [New Orleans] 2006 — waiting... ✓ 51,694 rows → Dropbox
  [New Orleans] 2007 — waiting... ✓ 51,697 rows → Dropbox
  [New Orleans] 2008 — waiting... ✓ 51,697 rows → Dropbox
  [New Orleans] 2009 — waiting... ✓ 51,697 rows → Dropbox
  [New Orleans] 2010 — waiting... ✓ 51,697 rows → Dropbox
  [New Orleans] 2011 — waiting... ✓ 51,697 rows → Dropbox
  [New Orleans] 2012 — waiting... ✓ 51,697 rows → Dropbox
  [New Orleans] 2013 — waiting... ✓ 51,573 rows → Dropbox
  [New Orleans] 2014 — submitting...
  [New Orleans] 2015 — submitting...
  [New Orleans] 2016 — submitting...
  [New Orleans] 2017 — submitting...
  [New Orleans] 2018 — submitting...
  [New Orleans] 2019 — submitting...
  [New Orleans] 2020 — submitting...
  [New Orleans] 2021 — submitting...
  [New Orleans] 2022 — submitting...
  [New Orleans] 2023 — submitting...
  [New Orleans] 2024 — submitting...
  [New Orleans] 2014 — waiting... ✓ 51,679 rows → Dropbox
  [New Orleans] 2015 — waiting... ✓ 51,697 rows → Dropbox
  [New Orleans] 2016 — waiting... ✓ 51,508 rows → Dropbox
  [New Orleans] 2017 — waiting... ✓ 51,696 rows → Dropbox
  [New Orleans] 2018 — waiting... ✓ 51,345 rows → Dropbox
  [New Orleans] 2019 — waiting... ✓ 51,477 rows → Dropbox
  [New Orleans] 2020 — waiting... ✓ 51,697 rows → Dropbox
  [New Orleans] 2021 — waiting... ✓ 50,778 rows → Dropbox
  [New Orleans] 2022 — waiting... ✓ 51,697 rows → Dropbox
  [New Orleans] 2023 — waiting... ✓ 51,697 rows → Dropbox
  [New Orleans] 2024 — waiting... ✓ 51,697 rows → Dropbox

==================================================
Processing Corpus Christi (41 years)...
  [Corpus Christi] 1984 — submitting...
  [Corpus Christi] 1985 — submitting...
  [Corpus Christi] 1986 — submitting...
  [Corpus Christi] 1987 — submitting...
  [Corpus Christi] 1988 — submitting...
  [Corpus Christi] 1989 — submitting...
  [Corpus Christi] 1990 — submitting...
  [Corpus Christi] 1991 — submitting...
  [Corpus Christi] 1992 — submitting...
  [Corpus Christi] 1993 — submitting...
  [Corpus Christi] 1994 — submitting...
  [Corpus Christi] 1995 — submitting...
  [Corpus Christi] 1996 — submitting...
  [Corpus Christi] 1997 — submitting...
  [Corpus Christi] 1998 — submitting...
  [Corpus Christi] 1984 — waiting... ✓ 40,021 rows → Dropbox
  [Corpus Christi] 1985 — waiting... ✓ 21,795 rows → Dropbox
  [Corpus Christi] 1986 — waiting... ✓ 39,824 rows → Dropbox
  [Corpus Christi] 1987 — waiting... ✓ 39,945 rows → Dropbox
  [Corpus Christi] 1988 — waiting... ✓ 26,467 rows → Dropbox
  [Corpus Christi] 1989 — waiting... ✓ 40,021 rows → Dropbox
  [Corpus Christi] 1990 — waiting... ✓ 40,021 rows → Dropbox
  [Corpus Christi] 1991 — waiting... ✓ 39,538 rows → Dropbox
  [Corpus Christi] 1992 — waiting... ✓ 39,473 rows → Dropbox
  [Corpus Christi] 1993 — waiting... ✓ 39,975 rows → Dropbox
  [Corpus Christi] 1994 — waiting... ✓ 40,017 rows → Dropbox
  [Corpus Christi] 1995 — waiting... ✓ 40,019 rows → Dropbox
  [Corpus Christi] 1996 — waiting... ✓ 39,267 rows → Dropbox
  [Corpus Christi] 1997 — waiting... ✓ 39,941 rows → Dropbox
  [Corpus Christi] 1998 — waiting... ✓ 39,580 rows → Dropbox
  [Corpus Christi] 1999 — submitting...
  [Corpus Christi] 2000 — submitting...
  [Corpus Christi] 2001 — submitting...
  [Corpus Christi] 2002 — submitting...
  [Corpus Christi] 2003 — submitting...
  [Corpus Christi] 2004 — submitting...
  [Corpus Christi] 2005 — submitting...
  [Corpus Christi] 2006 — submitting...
  [Corpus Christi] 2007 — submitting...
  [Corpus Christi] 2008 — submitting...
  [Corpus Christi] 2009 — submitting...
  [Corpus Christi] 2010 — submitting...
  [Corpus Christi] 2011 — submitting...
  [Corpus Christi] 2012 — submitting...
  [Corpus Christi] 2013 — submitting...
  [Corpus Christi] 1999 — waiting... ✓ 39,535 rows → Dropbox
  [Corpus Christi] 2000 — waiting... ✓ 40,021 rows → Dropbox
  [Corpus Christi] 2001 — waiting... ✓ 39,846 rows → Dropbox
  [Corpus Christi] 2002 — waiting... ✓ 40,020 rows → Dropbox
  [Corpus Christi] 2003 — waiting... ✓ 39,028 rows → Dropbox
  [Corpus Christi] 2004 — waiting... ✓ 40,021 rows → Dropbox
  [Corpus Christi] 2005 — waiting... ✓ 39,890 rows → Dropbox
  [Corpus Christi] 2006 — waiting... ✓ 38,994 rows → Dropbox
  [Corpus Christi] 2007 — waiting... ✓ 40,011 rows → Dropbox
  [Corpus Christi] 2008 — waiting... ✓ 39,975 rows → Dropbox
  [Corpus Christi] 2009 — waiting... ✓ 39,970 rows → Dropbox
  [Corpus Christi] 2010 — waiting... ✓ 40,021 rows → Dropbox
  [Corpus Christi] 2011 — waiting... ✓ 40,021 rows → Dropbox
  [Corpus Christi] 2012 — waiting... ✓ 40,021 rows → Dropbox
  [Corpus Christi] 2013 — waiting... ✓ 40,021 rows → Dropbox
  [Corpus Christi] 2014 — submitting...
  [Corpus Christi] 2015 — submitting...
  [Corpus Christi] 2016 — submitting...
  [Corpus Christi] 2017 — submitting...
  [Corpus Christi] 2018 — submitting...
  [Corpus Christi] 2019 — submitting...
  [Corpus Christi] 2020 — submitting...
  [Corpus Christi] 2021 — submitting...
  [Corpus Christi] 2022 — submitting...
  [Corpus Christi] 2023 — submitting...
  [Corpus Christi] 2024 — submitting...
  [Corpus Christi] 2014 — waiting... ✓ 39,756 rows → Dropbox
  [Corpus Christi] 2015 — waiting... ✓ 40,012 rows → Dropbox
  [Corpus Christi] 2016 — waiting... ✓ 39,989 rows → Dropbox
  [Corpus Christi] 2017 — waiting... ✓ 39,865 rows → Dropbox
  [Corpus Christi] 2018 — waiting... ✓ 40,021 rows → Dropbox
  [Corpus Christi] 2019 — waiting... ✓ 39,982 rows → Dropbox
  [Corpus Christi] 2020 — waiting... ✓ 40,020 rows → Dropbox
  [Corpus Christi] 2021 — waiting... ✓ 39,973 rows → Dropbox
  [Corpus Christi] 2022 — waiting... ✓ 40,014 rows → Dropbox
  [Corpus Christi] 2023 — waiting... ✓ 40,021 rows → Dropbox
  [Corpus Christi] 2024 — waiting... ✓ 40,012 rows → Dropbox

✓ All cities complete.

==================================================
Retrying Arlington: 2002–2003 (2 years)...
  [Arlington] 2002 — submitting...
  [Arlington] 2003 — submitting...
  [Arlington] 2002 — waiting... ✓ 32,226 rows → Dropbox
  [Arlington] 2003 — waiting... ✓ 32,226 rows → Dropbox

==================================================
Retrying Fort Worth: 1984–2016 (33 years)...
  [Fort Worth] 1984 — submitting...
  [Fort Worth] 1985 — submitting...
  [Fort Worth] 1986 — submitting...
  [Fort Worth] 1987 — submitting...
  [Fort Worth] 1988 — submitting...
  [Fort Worth] 1989 — submitting...
  [Fort Worth] 1990 — submitting...
  [Fort Worth] 1991 — submitting...
  [Fort Worth] 1992 — submitting...
  [Fort Worth] 1993 — submitting...
  [Fort Worth] 1994 — submitting...
  [Fort Worth] 1995 — submitting...
  [Fort Worth] 1996 — submitting...
  [Fort Worth] 1997 — submitting...
  [Fort Worth] 1998 — submitting...
  [Fort Worth] 1984 — waiting... ✓ 79,582 rows → Dropbox
  [Fort Worth] 1985 — waiting... ✓ 79,583 rows → Dropbox
  [Fort Worth] 1986 — waiting... ✓ 79,582 rows → Dropbox
  [Fort Worth] 1987 — waiting... ✓ 79,582 rows → Dropbox
  [Fort Worth] 1988 — waiting... ✓ 79,584 rows → Dropbox
  [Fort Worth] 1989 — waiting... ✓ 79,565 rows → Dropbox
  [Fort Worth] 1990 — waiting... ✓ 79,584 rows → Dropbox
  [Fort Worth] 1991 — waiting... ✓ 79,584 rows → Dropbox
  [Fort Worth] 1992 — waiting... ✓ 79,584 rows → Dropbox
  [Fort Worth] 1993 — waiting... ✓ 79,584 rows → Dropbox
  [Fort Worth] 1994 — waiting... ✓ 79,584 rows → Dropbox
  [Fort Worth] 1995 — waiting... ✓ 79,578 rows → Dropbox
  [Fort Worth] 1996 — waiting... ✓ 79,584 rows → Dropbox
  [Fort Worth] 1997 — waiting... ✓ 79,584 rows → Dropbox
  [Fort Worth] 1998 — waiting... ✓ 79,584 rows → Dropbox
  [Fort Worth] 1999 — submitting...
  [Fort Worth] 2000 — submitting...
  [Fort Worth] 2001 — submitting...
  [Fort Worth] 2002 — submitting...
  [Fort Worth] 2003 — submitting...
  [Fort Worth] 2004 — submitting...
  [Fort Worth] 2005 — submitting...
  [Fort Worth] 2006 — submitting...
  [Fort Worth] 2007 — submitting...
  [Fort Worth] 2008 — submitting...
  [Fort Worth] 2009 — submitting...
  [Fort Worth] 2010 — submitting...
  [Fort Worth] 2011 — submitting...
  [Fort Worth] 2012 — submitting...
  [Fort Worth] 2013 — submitting...
  [Fort Worth] 1999 — waiting... 